[0m2021.09.25 11:47:32 INFO  Started: Metals version 0.10.7 in workspace 'F:\SecondYearGroup Project\Construct360deg\src\main\webapp' for client Visual Studio Code 1.60.2.[0m
[0m2021.09.25 11:47:35 INFO  time: initialize in 2.36s[0m
[0m2021.09.25 11:47:37 WARN  Build server is not auto-connectable.[0m
[0m2021.09.25 11:47:37 WARN  no build tool detected in workspace 'F:\SecondYearGroup Project\Construct360deg\src\main\webapp'. The most common cause for this problem is that the editor was opened in the wrong working directory, for example if you use sbt then the workspace directory should contain build.sbt. [0m
[0m2021.09.25 11:47:37 INFO  shutting down Metals[0m
[0m2021.09.26 10:00:55 INFO  Started: Metals version 0.10.7 in workspace 'F:\SecondYearGroup Project\Construct360deg\src\main\webapp' for client Visual Studio Code 1.60.2.[0m
[0m2021.09.26 10:00:57 INFO  time: initialize in 2.14s[0m
[0m2021.09.26 10:00:58 WARN  Build server is not auto-connectable.[0m
[0m2021.09.26 10:00:58 WARN  no build tool detected in workspace 'F:\SecondYearGroup Project\Construct360deg\src\main\webapp'. The most common cause for this problem is that the editor was opened in the wrong working directory, for example if you use sbt then the workspace directory should contain build.sbt. [0m
Sep 26, 2021 12:06:27 PM org.eclipse.lsp4j.jsonrpc.services.GenericEndpoint notify
INFO: Unsupported notification method: $/setTrace
[0m2021.09.27 18:46:17 INFO  shutting down Metals[0m
[0m2021.09.27 21:55:21 INFO  Started: Metals version 0.10.7 in workspace 'F:\SecondYearGroup Project\Construct360deg\src\main\webapp' for client Visual Studio Code 1.60.2.[0m
[0m2021.09.27 21:55:24 INFO  time: initialize in 2.55s[0m
[0m2021.09.27 21:55:25 WARN  Build server is not auto-connectable.[0m
[0m2021.09.27 21:55:25 WARN  no build tool detected in workspace 'F:\SecondYearGroup Project\Construct360deg\src\main\webapp'. The most common cause for this problem is that the editor was opened in the wrong working directory, for example if you use sbt then the workspace directory should contain build.sbt. [0m
[0m2021.09.28 02:11:58 INFO  shutting down Metals[0m
[0m2021.09.28 18:31:48 INFO  Started: Metals version 0.10.7 in workspace 'F:\SecondYearGroup Project\Construct360deg\src\main\webapp' for client Visual Studio Code 1.60.2.[0m
[0m2021.09.28 18:31:52 INFO  time: initialize in 4.15s[0m
[0m2021.09.28 18:31:53 WARN  Build server is not auto-connectable.[0m
[0m2021.09.28 18:31:53 WARN  no build tool detected in workspace 'F:\SecondYearGroup Project\Construct360deg\src\main\webapp'. The most common cause for this problem is that the editor was opened in the wrong working directory, for example if you use sbt then the workspace directory should contain build.sbt. [0m
Sep 29, 2021 3:26:01 AM org.eclipse.lsp4j.jsonrpc.services.GenericEndpoint notify
INFO: Unsupported notification method: $/setTrace
[0m2021.09.29 14:49:09 INFO  shutting down Metals[0m
[0m2021.09.29 14:51:15 INFO  Started: Metals version 0.10.7 in workspace 'F:\SecondYearGroup Project\Construct360deg\src\main\webapp' for client Visual Studio Code 1.60.2.[0m
[0m2021.09.29 14:51:17 INFO  time: initialize in 2.16s[0m
[0m2021.09.29 14:51:18 WARN  Build server is not auto-connectable.[0m
[0m2021.09.29 14:51:18 WARN  no build tool detected in workspace 'F:\SecondYearGroup Project\Construct360deg\src\main\webapp'. The most common cause for this problem is that the editor was opened in the wrong working directory, for example if you use sbt then the workspace directory should contain build.sbt. [0m
[0m2021.09.30 21:04:17 INFO  shutting down Metals[0m
[0m2021.09.30 21:04:53 INFO  Started: Metals version 0.10.7 in workspace 'F:\SecondYearGroup Project\Construct360deg\src\main\webapp' for client Visual Studio Code 1.60.2.[0m
[0m2021.09.30 21:04:55 INFO  time: initialize in 2.04s[0m
[0m2021.09.30 21:04:56 WARN  Build server is not auto-connectable.[0m
[0m2021.09.30 21:04:56 WARN  no build tool detected in workspace 'F:\SecondYearGroup Project\Construct360deg\src\main\webapp'. The most common cause for this problem is that the editor was opened in the wrong working directory, for example if you use sbt then the workspace directory should contain build.sbt. [0m
[0m2021.10.01 02:54:23 INFO  shutting down Metals[0m
[0m2021.10.02 13:19:02 INFO  Started: Metals version 0.10.7 in workspace 'F:\SecondYearGroup Project\Construct360deg\src\main\webapp' for client Visual Studio Code 1.60.2.[0m
[0m2021.10.02 13:19:04 INFO  time: initialize in 2.53s[0m
[0m2021.10.02 13:19:05 WARN  Build server is not auto-connectable.[0m
[0m2021.10.02 13:19:05 WARN  no build tool detected in workspace 'F:\SecondYearGroup Project\Construct360deg\src\main\webapp'. The most common cause for this problem is that the editor was opened in the wrong working directory, for example if you use sbt then the workspace directory should contain build.sbt. [0m
Oct 02, 2021 1:46:23 PM org.eclipse.lsp4j.jsonrpc.services.GenericEndpoint notify
INFO: Unsupported notification method: $/setTrace
Oct 02, 2021 1:46:25 PM org.eclipse.lsp4j.jsonrpc.services.GenericEndpoint notify
INFO: Unsupported notification method: $/setTrace
Oct 02, 2021 1:46:26 PM org.eclipse.lsp4j.jsonrpc.services.GenericEndpoint notify
INFO: Unsupported notification method: $/setTrace
Oct 02, 2021 1:46:32 PM org.eclipse.lsp4j.jsonrpc.services.GenericEndpoint notify
INFO: Unsupported notification method: $/setTrace
Oct 02, 2021 1:46:38 PM org.eclipse.lsp4j.jsonrpc.services.GenericEndpoint notify
INFO: Unsupported notification method: $/setTrace
[0m2021.10.02 14:05:49 INFO  shutting down Metals[0m
[0m2021.10.04 11:49:24 INFO  Started: Metals version 0.10.7 in workspace 'F:\SecondYearGroup Project\Construct360deg\src\main\webapp' for client Visual Studio Code 1.60.2.[0m
[0m2021.10.04 11:49:26 INFO  time: initialize in 2.37s[0m
[0m2021.10.04 11:49:28 WARN  Build server is not auto-connectable.[0m
[0m2021.10.04 11:49:28 WARN  no build tool detected in workspace 'F:\SecondYearGroup Project\Construct360deg\src\main\webapp'. The most common cause for this problem is that the editor was opened in the wrong working directory, for example if you use sbt then the workspace directory should contain build.sbt. [0m
[0m2021.10.08 19:26:00 INFO  shutting down Metals[0m
[0m2021.10.09 23:24:41 INFO  Started: Metals version 0.10.7 in workspace 'F:\SecondYearGroup Project\Construct360deg\src\main\webapp' for client Visual Studio Code 1.61.0.[0m
[0m2021.10.09 23:24:43 INFO  time: initialize in 2.07s[0m
[0m2021.10.09 23:24:44 WARN  Build server is not auto-connectable.[0m
[0m2021.10.09 23:24:44 WARN  no build tool detected in workspace 'F:\SecondYearGroup Project\Construct360deg\src\main\webapp'. The most common cause for this problem is that the editor was opened in the wrong working directory, for example if you use sbt then the workspace directory should contain build.sbt. [0m
[0m2021.10.10 23:24:25 INFO  shutting down Metals[0m
[0m2021.10.12 01:18:48 INFO  Started: Metals version 0.10.7 in workspace 'F:\SecondYearGroup Project\Construct360deg\src\main\webapp' for client Visual Studio Code 1.61.0.[0m
[0m2021.10.12 01:18:50 INFO  time: initialize in 2.16s[0m
[0m2021.10.12 01:18:51 WARN  Build server is not auto-connectable.[0m
[0m2021.10.12 01:18:51 WARN  no build tool detected in workspace 'F:\SecondYearGroup Project\Construct360deg\src\main\webapp'. The most common cause for this problem is that the editor was opened in the wrong working directory, for example if you use sbt then the workspace directory should contain build.sbt. [0m
[0m2021.10.13 10:02:26 INFO  shutting down Metals[0m
[0m2021.10.13 22:15:29 INFO  Started: Metals version 0.10.7 in workspace 'F:\SecondYearGroup Project\Construct360deg\src\main\webapp' for client Visual Studio Code 1.61.0.[0m
[0m2021.10.13 22:15:33 INFO  time: initialize in 4.42s[0m
[0m2021.10.13 22:15:34 WARN  Build server is not auto-connectable.[0m
[0m2021.10.13 22:15:34 WARN  no build tool detected in workspace 'F:\SecondYearGroup Project\Construct360deg\src\main\webapp'. The most common cause for this problem is that the editor was opened in the wrong working directory, for example if you use sbt then the workspace directory should contain build.sbt. [0m
[0m2021.10.13 23:21:56 INFO  shutting down Metals[0m
